d:\codelibrary\rollingballcontrolsystem\visualgdb\debug\rollingballcontrolsystem.link.rsp
d:\codelibrary\rollingballcontrolsystem\visualgdb\debug\rollingballcontrolsystem.bin
d:\codelibrary\rollingballcontrolsystem\visualgdb\debug\rollingballcontrolsystem.alldeps
d:\codelibrary\rollingballcontrolsystem\visualgdb\debug\rollingballcontrolsystem
d:\codelibrary\rollingballcontrolsystem\visualgdb\debug\rollingballcontrolsystem.mkbin.rsp
d:\codelibrary\rollingballcontrolsystem\visualgdb\debug\hardware\hmi.o
d:\codelibrary\rollingballcontrolsystem\visualgdb\debug\hardware\host.o
d:\codelibrary\rollingballcontrolsystem\visualgdb\debug\hardware\pid.o
d:\codelibrary\rollingballcontrolsystem\visualgdb\debug\hardware\servo.o
d:\codelibrary\rollingballcontrolsystem\visualgdb\debug\hardware\hmi.dep
d:\codelibrary\rollingballcontrolsystem\visualgdb\debug\hardware\host.dep
d:\codelibrary\rollingballcontrolsystem\visualgdb\debug\hardware\pid.dep
d:\codelibrary\rollingballcontrolsystem\visualgdb\debug\hardware\servo.dep
d:\codelibrary\rollingballcontrolsystem\visualgdb\debug\hardware\hmi.gcc.rsp
d:\codelibrary\rollingballcontrolsystem\visualgdb\debug\hardware\host.gcc.rsp
d:\codelibrary\rollingballcontrolsystem\visualgdb\debug\hardware\pid.gcc.rsp
d:\codelibrary\rollingballcontrolsystem\visualgdb\debug\hardware\servo.gcc.rsp
d:\codelibrary\rollingballcontrolsystem\visualgdb\debug\src\dma.o
d:\codelibrary\rollingballcontrolsystem\visualgdb\debug\src\gpio.o
d:\codelibrary\rollingballcontrolsystem\visualgdb\debug\src\main.o
d:\codelibrary\rollingballcontrolsystem\visualgdb\debug\src\stm32f4xx_hal_msp.o
d:\codelibrary\rollingballcontrolsystem\visualgdb\debug\src\stm32f4xx_it.o
d:\codelibrary\rollingballcontrolsystem\visualgdb\debug\src\tim.o
d:\codelibrary\rollingballcontrolsystem\visualgdb\debug\src\usart.o
d:\codelibrary\rollingballcontrolsystem\visualgdb\debug\src\dma.dep
d:\codelibrary\rollingballcontrolsystem\visualgdb\debug\src\gpio.dep
d:\codelibrary\rollingballcontrolsystem\visualgdb\debug\src\main.dep
d:\codelibrary\rollingballcontrolsystem\visualgdb\debug\src\stm32f4xx_hal_msp.dep
d:\codelibrary\rollingballcontrolsystem\visualgdb\debug\src\stm32f4xx_it.dep
d:\codelibrary\rollingballcontrolsystem\visualgdb\debug\src\tim.dep
d:\codelibrary\rollingballcontrolsystem\visualgdb\debug\src\usart.dep
d:\codelibrary\rollingballcontrolsystem\visualgdb\debug\src\dma.gcc.rsp
d:\codelibrary\rollingballcontrolsystem\visualgdb\debug\src\gpio.gcc.rsp
d:\codelibrary\rollingballcontrolsystem\visualgdb\debug\src\main.gcc.rsp
d:\codelibrary\rollingballcontrolsystem\visualgdb\debug\src\stm32f4xx_hal_msp.gcc.rsp
d:\codelibrary\rollingballcontrolsystem\visualgdb\debug\src\stm32f4xx_it.gcc.rsp
d:\codelibrary\rollingballcontrolsystem\visualgdb\debug\src\tim.gcc.rsp
d:\codelibrary\rollingballcontrolsystem\visualgdb\debug\src\usart.gcc.rsp
d:\codelibrary\rollingballcontrolsystem\visualgdb\debug\drivers\cmsis\device\st\stm32f4xx\source\templates\system_stm32f4xx.o
d:\codelibrary\rollingballcontrolsystem\visualgdb\debug\drivers\cmsis\device\st\stm32f4xx\source\templates\system_stm32f4xx.dep
d:\codelibrary\rollingballcontrolsystem\visualgdb\debug\drivers\cmsis\device\st\stm32f4xx\source\templates\system_stm32f4xx.gcc.rsp
d:\codelibrary\rollingballcontrolsystem\visualgdb\debug\drivers\stm32f4xx_hal_driver\src\stm32f4xx_hal.o
d:\codelibrary\rollingballcontrolsystem\visualgdb\debug\drivers\stm32f4xx_hal_driver\src\stm32f4xx_hal_cortex.o
d:\codelibrary\rollingballcontrolsystem\visualgdb\debug\drivers\stm32f4xx_hal_driver\src\stm32f4xx_hal_dma.o
d:\codelibrary\rollingballcontrolsystem\visualgdb\debug\drivers\stm32f4xx_hal_driver\src\stm32f4xx_hal_dma_ex.o
d:\codelibrary\rollingballcontrolsystem\visualgdb\debug\drivers\stm32f4xx_hal_driver\src\stm32f4xx_hal_exti.o
d:\codelibrary\rollingballcontrolsystem\visualgdb\debug\drivers\stm32f4xx_hal_driver\src\stm32f4xx_hal_flash.o
d:\codelibrary\rollingballcontrolsystem\visualgdb\debug\drivers\stm32f4xx_hal_driver\src\stm32f4xx_hal_flash_ex.o
d:\codelibrary\rollingballcontrolsystem\visualgdb\debug\drivers\stm32f4xx_hal_driver\src\stm32f4xx_hal_flash_ramfunc.o
d:\codelibrary\rollingballcontrolsystem\visualgdb\debug\drivers\stm32f4xx_hal_driver\src\stm32f4xx_hal_gpio.o
d:\codelibrary\rollingballcontrolsystem\visualgdb\debug\drivers\stm32f4xx_hal_driver\src\stm32f4xx_hal_pwr.o
d:\codelibrary\rollingballcontrolsystem\visualgdb\debug\drivers\stm32f4xx_hal_driver\src\stm32f4xx_hal_pwr_ex.o
d:\codelibrary\rollingballcontrolsystem\visualgdb\debug\drivers\stm32f4xx_hal_driver\src\stm32f4xx_hal_rcc.o
d:\codelibrary\rollingballcontrolsystem\visualgdb\debug\drivers\stm32f4xx_hal_driver\src\stm32f4xx_hal_rcc_ex.o
d:\codelibrary\rollingballcontrolsystem\visualgdb\debug\drivers\stm32f4xx_hal_driver\src\stm32f4xx_hal_tim.o
d:\codelibrary\rollingballcontrolsystem\visualgdb\debug\drivers\stm32f4xx_hal_driver\src\stm32f4xx_hal_tim_ex.o
d:\codelibrary\rollingballcontrolsystem\visualgdb\debug\drivers\stm32f4xx_hal_driver\src\stm32f4xx_hal_uart.o
d:\codelibrary\rollingballcontrolsystem\visualgdb\debug\drivers\stm32f4xx_hal_driver\src\stm32f4xx_hal.dep
d:\codelibrary\rollingballcontrolsystem\visualgdb\debug\drivers\stm32f4xx_hal_driver\src\stm32f4xx_hal_cortex.dep
d:\codelibrary\rollingballcontrolsystem\visualgdb\debug\drivers\stm32f4xx_hal_driver\src\stm32f4xx_hal_dma.dep
d:\codelibrary\rollingballcontrolsystem\visualgdb\debug\drivers\stm32f4xx_hal_driver\src\stm32f4xx_hal_dma_ex.dep
d:\codelibrary\rollingballcontrolsystem\visualgdb\debug\drivers\stm32f4xx_hal_driver\src\stm32f4xx_hal_exti.dep
d:\codelibrary\rollingballcontrolsystem\visualgdb\debug\drivers\stm32f4xx_hal_driver\src\stm32f4xx_hal_flash.dep
d:\codelibrary\rollingballcontrolsystem\visualgdb\debug\drivers\stm32f4xx_hal_driver\src\stm32f4xx_hal_flash_ex.dep
d:\codelibrary\rollingballcontrolsystem\visualgdb\debug\drivers\stm32f4xx_hal_driver\src\stm32f4xx_hal_flash_ramfunc.dep
d:\codelibrary\rollingballcontrolsystem\visualgdb\debug\drivers\stm32f4xx_hal_driver\src\stm32f4xx_hal_gpio.dep
d:\codelibrary\rollingballcontrolsystem\visualgdb\debug\drivers\stm32f4xx_hal_driver\src\stm32f4xx_hal_pwr.dep
d:\codelibrary\rollingballcontrolsystem\visualgdb\debug\drivers\stm32f4xx_hal_driver\src\stm32f4xx_hal_pwr_ex.dep
d:\codelibrary\rollingballcontrolsystem\visualgdb\debug\drivers\stm32f4xx_hal_driver\src\stm32f4xx_hal_rcc.dep
d:\codelibrary\rollingballcontrolsystem\visualgdb\debug\drivers\stm32f4xx_hal_driver\src\stm32f4xx_hal_rcc_ex.dep
d:\codelibrary\rollingballcontrolsystem\visualgdb\debug\drivers\stm32f4xx_hal_driver\src\stm32f4xx_hal_tim.dep
d:\codelibrary\rollingballcontrolsystem\visualgdb\debug\drivers\stm32f4xx_hal_driver\src\stm32f4xx_hal_tim_ex.dep
d:\codelibrary\rollingballcontrolsystem\visualgdb\debug\drivers\stm32f4xx_hal_driver\src\stm32f4xx_hal_uart.dep
d:\codelibrary\rollingballcontrolsystem\visualgdb\debug\drivers\stm32f4xx_hal_driver\src\stm32f4xx_hal.gcc.rsp
d:\codelibrary\rollingballcontrolsystem\visualgdb\debug\drivers\stm32f4xx_hal_driver\src\stm32f4xx_hal_cortex.gcc.rsp
d:\codelibrary\rollingballcontrolsystem\visualgdb\debug\drivers\stm32f4xx_hal_driver\src\stm32f4xx_hal_dma.gcc.rsp
d:\codelibrary\rollingballcontrolsystem\visualgdb\debug\drivers\stm32f4xx_hal_driver\src\stm32f4xx_hal_dma_ex.gcc.rsp
d:\codelibrary\rollingballcontrolsystem\visualgdb\debug\drivers\stm32f4xx_hal_driver\src\stm32f4xx_hal_exti.gcc.rsp
d:\codelibrary\rollingballcontrolsystem\visualgdb\debug\drivers\stm32f4xx_hal_driver\src\stm32f4xx_hal_flash.gcc.rsp
d:\codelibrary\rollingballcontrolsystem\visualgdb\debug\drivers\stm32f4xx_hal_driver\src\stm32f4xx_hal_flash_ex.gcc.rsp
d:\codelibrary\rollingballcontrolsystem\visualgdb\debug\drivers\stm32f4xx_hal_driver\src\stm32f4xx_hal_flash_ramfunc.gcc.rsp
d:\codelibrary\rollingballcontrolsystem\visualgdb\debug\drivers\stm32f4xx_hal_driver\src\stm32f4xx_hal_gpio.gcc.rsp
d:\codelibrary\rollingballcontrolsystem\visualgdb\debug\drivers\stm32f4xx_hal_driver\src\stm32f4xx_hal_pwr.gcc.rsp
d:\codelibrary\rollingballcontrolsystem\visualgdb\debug\drivers\stm32f4xx_hal_driver\src\stm32f4xx_hal_pwr_ex.gcc.rsp
d:\codelibrary\rollingballcontrolsystem\visualgdb\debug\drivers\stm32f4xx_hal_driver\src\stm32f4xx_hal_rcc.gcc.rsp
d:\codelibrary\rollingballcontrolsystem\visualgdb\debug\drivers\stm32f4xx_hal_driver\src\stm32f4xx_hal_rcc_ex.gcc.rsp
d:\codelibrary\rollingballcontrolsystem\visualgdb\debug\drivers\stm32f4xx_hal_driver\src\stm32f4xx_hal_tim.gcc.rsp
d:\codelibrary\rollingballcontrolsystem\visualgdb\debug\drivers\stm32f4xx_hal_driver\src\stm32f4xx_hal_tim_ex.gcc.rsp
d:\codelibrary\rollingballcontrolsystem\visualgdb\debug\drivers\stm32f4xx_hal_driver\src\stm32f4xx_hal_uart.gcc.rsp
d:\codelibrary\rollingballcontrolsystem\visualgdb\debug\__bsp_root__\stm32f4xxxx\startupfiles\startup_stm32f407xx.o
d:\codelibrary\rollingballcontrolsystem\visualgdb\debug\__bsp_root__\stm32f4xxxx\startupfiles\startup_stm32f407xx.dep
d:\codelibrary\rollingballcontrolsystem\visualgdb\debug\__bsp_root__\stm32f4xxxx\startupfiles\startup_stm32f407xx.gcc.rsp
